<?xml version="1.0" encoding="UTF-8" ?>
<testsuite errors="0" failures="0" hostname="MacBook-Air-Maria-8.local" name="CheckAreaShapeTest" skipped="0" tests="4" time="0.034" timestamp="2026-04-27T21:37:20">
  <properties>
[...]
</properties>
  <testcase classname="CheckAreaShapeTest" name="fullCheck" time="0.008" />
  <testcase classname="CheckAreaShapeTest" name="rectangleHit" time="0.001" />
  <testcase classname="CheckAreaShapeTest" name="circleMiss" time="0.0" />
  <testcase classname="CheckAreaShapeTest" name="triangleHit" time="0.0" />
  <system-out><![CDATA[]]></system-out>
  <system-err><![CDATA[]]></system-err>
</testsuite>
